::1 - - [02/Jun/2022:05:18:00 +0000] "GET /api/v1/categories HTTP/1.1" 200 51 "-" "PostmanRuntime/7.29.0"
::1 - - [04/Jun/2022:08:22:33 +0000] "GET / HTTP/1.1" 404 139 "-" "Mozilla/5.0 (Macintosh; Intel Mac OS X 10_15_7) AppleWebKit/537.36 (KHTML, like Gecko) Chrome/101.0.4951.64 Safari/537.36"
::1 - - [04/Jun/2022:10:26:11 +0000] "GET /api/v1/categories HTTP/1.1" 200 51 "-" "PostmanRuntime/7.29.0"
::1 - - [04/Jun/2022:13:35:48 +0000] "POST /api/v1/categories HTTP/1.1" 200 41 "-" "PostmanRuntime/7.29.0"
::1 - - [04/Jun/2022:13:40:22 +0000] "POST /api/v1/categories HTTP/1.1" 200 41 "-" "PostmanRuntime/7.29.0"
::1 - - [04/Jun/2022:13:40:30 +0000] "POST /api/v1/categories HTTP/1.1" 200 41 "-" "PostmanRuntime/7.29.0"
::1 - - [04/Jun/2022:13:46:05 +0000] "POST /api/v1/categories HTTP/1.1" 400 49 "-" "PostmanRuntime/7.29.0"
::1 - - [04/Jun/2022:13:47:15 +0000] "POST /api/v1/categories HTTP/1.1" 400 400 "-" "PostmanRuntime/7.29.0"
::1 - - [04/Jun/2022:13:48:39 +0000] "POST /api/v1/categories HTTP/1.1" 200 41 "-" "PostmanRuntime/7.29.0"
::1 - - [04/Jun/2022:13:48:48 +0000] "POST /api/v1/categories HTTP/1.1" 400 114 "-" "PostmanRuntime/7.29.0"
::1 - - [04/Jun/2022:13:49:07 +0000] "GET /api/v1/categories HTTP/1.1" 200 51 "-" "PostmanRuntime/7.29.0"
::1 - - [04/Jun/2022:13:50:54 +0000] "POST /api/v1/categories HTTP/1.1" 400 114 "-" "PostmanRuntime/7.29.0"
::1 - - [04/Jun/2022:13:54:21 +0000] "POST /api/v1/categories HTTP/1.1" 200 41 "-" "PostmanRuntime/7.29.0"
::1 - - [04/Jun/2022:13:58:15 +0000] "GET /api/v1/categories HTTP/1.1" 200 280 "-" "PostmanRuntime/7.29.0"
::1 - - [04/Jun/2022:13:58:50 +0000] "GET /api/v1/categories/12 HTTP/1.1" 200 42 "-" "PostmanRuntime/7.29.0"
::1 - - [04/Jun/2022:13:59:01 +0000] "GET /api/v1/categories/12 HTTP/1.1" 200 42 "-" "PostmanRuntime/7.29.0"
::1 - - [04/Jun/2022:13:59:06 +0000] "GET /api/v1/categories/12 HTTP/1.1" 200 42 "-" "PostmanRuntime/7.29.0"
::1 - - [04/Jun/2022:13:59:34 +0000] "GET /api/v1/categories/12 HTTP/1.1" 200 42 "-" "PostmanRuntime/7.29.0"
::1 - - [04/Jun/2022:14:01:00 +0000] "GET /api/v1/categories/12 HTTP/1.1" 400 252 "-" "PostmanRuntime/7.29.0"
::1 - - [04/Jun/2022:14:01:24 +0000] "GET /api/v1/categories/629b640debc01a75f812e744 HTTP/1.1" 200 278 "-" "PostmanRuntime/7.29.0"
::1 - - [04/Jun/2022:14:02:49 +0000] "DELETE /api/v1/categories/629b640debc01a75f812e744 HTTP/1.1" 200 278 "-" "PostmanRuntime/7.29.0"
::1 - - [04/Jun/2022:14:02:55 +0000] "GET /api/v1/categories HTTP/1.1" 200 26 "-" "PostmanRuntime/7.29.0"
::1 - - [04/Jun/2022:14:03:07 +0000] "POST /api/v1/categories HTTP/1.1" 200 41 "-" "PostmanRuntime/7.29.0"
::1 - - [04/Jun/2022:14:03:17 +0000] "GET /api/v1/categories HTTP/1.1" 200 280 "-" "PostmanRuntime/7.29.0"
::1 - - [04/Jun/2022:14:05:44 +0000] "GET /api/v1/categories/629b640debc01a75f812e744 HTTP/1.1" 400 62 "-" "PostmanRuntime/7.29.0"
::1 - - [04/Jun/2022:14:06:02 +0000] "GET /api/v1/categories/629b661b0c98c1870e4c111d HTTP/1.1" 200 278 "-" "PostmanRuntime/7.29.0"
::1 - - [04/Jun/2022:14:19:29 +0000] "PUT /api/v1/categories/629b661b0c98c1870e4c111d HTTP/1.1" 200 273 "-" "PostmanRuntime/7.29.0"
::1 - - [05/Jun/2022:04:25:08 +0000] "GET /api/v1/categories/629b661b0c98c1870e4c111dds HTTP/1.1" 500 145 "-" "PostmanRuntime/7.29.0"
::1 - - [05/Jun/2022:04:25:12 +0000] "GET /api/v1/categories/629b661b0c98c1870e4c111d HTTP/1.1" 200 273 "-" "PostmanRuntime/7.29.0"
::1 - - [05/Jun/2022:04:27:44 +0000] "GET /api/v1/categories HTTP/1.1" 200 275 "-" "PostmanRuntime/7.29.0"
::1 - - [05/Jun/2022:04:36:41 +0000] "GET /api/v1/categories/629b661b0c98c1870e4c111d HTTP/1.1" 200 273 "-" "PostmanRuntime/7.29.0"
::1 - - [05/Jun/2022:04:36:44 +0000] "GET /api/v1/categories/629b661b0c98c1870e4c111dds HTTP/1.1" 500 145 "-" "PostmanRuntime/7.29.0"
::1 - - [05/Jun/2022:04:37:04 +0000] "GET /api/v1/categories/629b661b0c98c1870e4c111d HTTP/1.1" 200 273 "-" "PostmanRuntime/7.29.0"
::1 - - [05/Jun/2022:04:37:09 +0000] "GET /api/v1/categories/629b661b0c98c1870e2c111d HTTP/1.1" 400 65 "-" "PostmanRuntime/7.29.0"
::1 - - [05/Jun/2022:04:44:00 +0000] "GET /api/v1/categories/629b661b0c98c1870e2c111d HTTP/1.1" 400 71 "-" "PostmanRuntime/7.29.0"
::1 - - [05/Jun/2022:04:44:06 +0000] "GET /api/v1/categories HTTP/1.1" 200 275 "-" "PostmanRuntime/7.29.0"
::1 - - [05/Jun/2022:04:44:12 +0000] "GET /api/v1/categories/629b661b0c98c1870e4c111d HTTP/1.1" 200 273 "-" "PostmanRuntime/7.29.0"
::1 - - [05/Jun/2022:04:44:18 +0000] "GET /api/v1/categories/629b661b0c98c1870e4c111s HTTP/1.1" 500 143 "-" "PostmanRuntime/7.29.0"
::1 - - [05/Jun/2022:04:44:20 +0000] "GET /api/v1/categories/629b661b0c98c1870e4c111sdasd HTTP/1.1" 500 147 "-" "PostmanRuntime/7.29.0"
::1 - - [05/Jun/2022:04:44:23 +0000] "GET /api/v1/categories/629b661b0c98c1870e4c111sdasddadsa HTTP/1.1" 500 152 "-" "PostmanRuntime/7.29.0"
::1 - - [05/Jun/2022:04:44:28 +0000] "GET /api/v1/categories/629b661b0c98c1870e4c111d HTTP/1.1" 200 273 "-" "PostmanRuntime/7.29.0"
::1 - - [05/Jun/2022:05:05:01 +0000] "GET /api/v1/categories HTTP/1.1" 200 275 "-" "PostmanRuntime/7.29.0"
::1 - - [05/Jun/2022:05:05:52 +0000] "GET /api/v1/categories HTTP/1.1" 200 26 "-" "PostmanRuntime/7.29.0"
::1 - - [05/Jun/2022:05:06:27 +0000] "GET /api/v1/categories HTTP/1.1" 200 26 "-" "PostmanRuntime/7.29.0"
::1 - - [05/Jun/2022:05:06:29 +0000] "GET /api/v1/categories HTTP/1.1" 200 26 "-" "PostmanRuntime/7.29.0"
::1 - - [05/Jun/2022:05:06:41 +0000] "GET /api/v1/categories HTTP/1.1" 200 26 "-" "PostmanRuntime/7.29.0"
::1 - - [05/Jun/2022:05:07:10 +0000] "GET /api/v1/categories HTTP/1.1" 200 26 "-" "PostmanRuntime/7.29.0"
::1 - - [05/Jun/2022:05:08:16 +0000] "GET /api/v1/categories HTTP/1.1" 200 26 "-" "PostmanRuntime/7.29.0"
::1 - - [05/Jun/2022:05:08:22 +0000] "GET /api/v1/categories HTTP/1.1" 200 26 "-" "PostmanRuntime/7.29.0"
::1 - - [05/Jun/2022:05:09:43 +0000] "GET /api/v1/categories HTTP/1.1" 200 275 "-" "PostmanRuntime/7.29.0"
::1 - - [05/Jun/2022:05:10:34 +0000] "GET /api/v1/categories HTTP/1.1" 200 26 "-" "PostmanRuntime/7.29.0"
::1 - - [05/Jun/2022:05:10:55 +0000] "GET /api/v1/categories HTTP/1.1" 200 275 "-" "PostmanRuntime/7.29.0"
::1 - - [05/Jun/2022:09:11:36 +0000] "GET /api/v1/categories HTTP/1.1" 200 302 "-" "PostmanRuntime/7.29.0"
::1 - - [05/Jun/2022:09:11:48 +0000] "GET /api/v1/categories HTTP/1.1" 200 26 "-" "PostmanRuntime/7.29.0"
::1 - - [05/Jun/2022:09:12:41 +0000] "GET /api/v1/categories HTTP/1.1" 200 1113 "-" "PostmanRuntime/7.29.0"
::1 - - [05/Jun/2022:09:13:27 +0000] "GET /api/v1/categories HTTP/1.1" 200 1182 "-" "PostmanRuntime/7.29.0"
::1 - - [07/Jun/2022:13:14:54 +0000] "GET /api/v1/categories HTTP/1.1" 200 1182 "-" "PostmanRuntime/7.29.0"
::1 - - [07/Jun/2022:13:20:02 +0000] "GET /api/v1/categories?page=2&limit=1 HTTP/1.1" 200 308 "-" "PostmanRuntime/7.29.0"
::1 - - [07/Jun/2022:13:20:10 +0000] "GET /api/v1/categories?page=2&limit=2 HTTP/1.1" 200 602 "-" "PostmanRuntime/7.29.0"
::1 - - [07/Jun/2022:13:20:14 +0000] "GET /api/v1/categories?page=2&limit=1 HTTP/1.1" 200 308 "-" "PostmanRuntime/7.29.0"
::1 - - [07/Jun/2022:13:20:17 +0000] "GET /api/v1/categories?page=2&limit=4 HTTP/1.1" 200 1182 "-" "PostmanRuntime/7.29.0"
::1 - - [07/Jun/2022:13:30:51 +0000] "GET /api/v1/categories?page=2&limit=2 HTTP/1.1" 200 605 "-" "PostmanRuntime/7.29.0"
::1 - - [07/Jun/2022:13:30:57 +0000] "GET /api/v1/categories?page=1&limit=2 HTTP/1.1" 200 602 "-" "PostmanRuntime/7.29.0"
::1 - - [07/Jun/2022:13:31:05 +0000] "GET /api/v1/categories?page=1&limit=1 HTTP/1.1" 200 308 "-" "PostmanRuntime/7.29.0"
::1 - - [07/Jun/2022:13:31:09 +0000] "GET /api/v1/categories?page=2&limit=1 HTTP/1.1" 200 319 "-" "PostmanRuntime/7.29.0"
::1 - - [07/Jun/2022:13:31:13 +0000] "GET /api/v1/categories?page=3&limit=1 HTTP/1.1" 200 313 "-" "PostmanRuntime/7.29.0"
::1 - - [07/Jun/2022:13:31:19 +0000] "GET /api/v1/categories?page=4&limit=1 HTTP/1.1" 200 317 "-" "PostmanRuntime/7.29.0"
::1 - - [07/Jun/2022:13:32:06 +0000] "GET /api/v1/categories?page=4&limit=1 HTTP/1.1" 200 387 "-" "PostmanRuntime/7.29.0"
::1 - - [07/Jun/2022:13:32:34 +0000] "GET /api/v1/categories?page=3&limit=1 HTTP/1.1" 200 383 "-" "PostmanRuntime/7.29.0"
::1 - - [07/Jun/2022:13:32:53 +0000] "GET /api/v1/categories?page=2&limit=1 HTTP/1.1" 200 389 "-" "PostmanRuntime/7.29.0"
::1 - - [07/Jun/2022:13:34:59 +0000] "GET /api/v1/categories?page=2&limit=1 HTTP/1.1" 200 402 "-" "PostmanRuntime/7.29.0"
::1 - - [07/Jun/2022:13:35:33 +0000] "GET /api/v1/categories?page=4&limit=1 HTTP/1.1" 200 387 "-" "PostmanRuntime/7.29.0"
::1 - - [07/Jun/2022:13:35:45 +0000] "GET /api/v1/categories?page=1&limit=1 HTTP/1.1" 200 378 "-" "PostmanRuntime/7.29.0"
::1 - - [09/Jun/2022:04:28:18 +0000] "GET /api/v1/categories HTTP/1.1" 500 101 "-" "PostmanRuntime/7.29.0"
::1 - - [09/Jun/2022:04:29:40 +0000] "GET /api/v1/categories HTTP/1.1" 500 48 "-" "PostmanRuntime/7.29.0"
::1 - - [09/Jun/2022:04:29:42 +0000] "GET /api/v1/categories HTTP/1.1" 500 48 "-" "PostmanRuntime/7.29.0"
::1 - - [10/Jun/2022:04:05:26 +0000] "GET /api/v1/categories HTTP/1.1" 500 101 "-" "PostmanRuntime/7.29.0"
::1 - - [10/Jun/2022:04:12:02 +0000] "GET /api/v1/categories HTTP/1.1" 500 101 "-" "PostmanRuntime/7.29.0"
::1 - - [10/Jun/2022:04:19:22 +0000] "DELETE /api/v1/categories/629b640debc01a75f812e744 HTTP/1.1" 500 103 "-" "PostmanRuntime/7.29.0"
::1 - - [10/Jun/2022:04:28:18 +0000] "GET /api/v1/categories?page=1&limit=2 HTTP/1.1" 200 672 "-" "PostmanRuntime/7.29.0"
